{"C:\\Users\\ccbab_000\\Documents\\ISDI CODERS\\week6\\202204-W6CHWE-cristian-bermudez\\202204-W6CHWE-cristian-bermudez-back\\index.js": {"path":"C:\\Users\\ccbab_000\\Documents\\ISDI CODERS\\week6\\202204-W6CHWE-cristian-bermudez\\202204-W6CHWE-cristian-bermudez-back\\index.js","statementMap":{"0":{"start":{"line":1,"column":0},"end":{"line":1,"column":27}},"1":{"start":{"line":3,"column":14},"end":{"line":3,"column":45}},"2":{"start":{"line":4,"column":14},"end":{"line":4,"column":30}},"3":{"start":{"line":5,"column":24},"end":{"line":5,"column":51}},"4":{"start":{"line":6,"column":26},"end":{"line":6,"column":62}},"5":{"start":{"line":7,"column":13},"end":{"line":7,"column":29}},"6":{"start":{"line":9,"column":0},"end":{"line":16,"column":5}},"7":{"start":{"line":10,"column":2},"end":{"line":15,"column":3}},"8":{"start":{"line":11,"column":4},"end":{"line":11,"column":52}},"9":{"start":{"line":12,"column":4},"end":{"line":12,"column":34}},"10":{"start":{"line":14,"column":4},"end":{"line":14,"column":50}}},"fnMap":{"0":{"name":"(anonymous_0)","decl":{"start":{"line":9,"column":1},"end":{"line":9,"column":2}},"loc":{"start":{"line":9,"column":13},"end":{"line":16,"column":1}},"line":9}},"branchMap":{},"s":{"0":0,"1":0,"2":0,"3":0,"4":0,"5":0,"6":0,"7":0,"8":0,"9":0,"10":0},"f":{"0":0},"b":{}}
,"C:\\Users\\ccbab_000\\Documents\\ISDI CODERS\\week6\\202204-W6CHWE-cristian-bermudez\\202204-W6CHWE-cristian-bermudez-back\\cli\\index.js": {"path":"C:\\Users\\ccbab_000\\Documents\\ISDI CODERS\\week6\\202204-W6CHWE-cristian-bermudez\\202204-W6CHWE-cristian-bermudez-back\\cli\\index.js","statementMap":{"0":{"start":{"line":1,"column":0},"end":{"line":1,"column":27}},"1":{"start":{"line":3,"column":20},"end":{"line":3,"column":40}},"2":{"start":{"line":5,"column":0},"end":{"line":5,"column":54}},"3":{"start":{"line":6,"column":0},"end":{"line":6,"column":16}},"4":{"start":{"line":8,"column":32},"end":{"line":8,"column":46}},"5":{"start":{"line":10,"column":13},"end":{"line":10,"column":61}},"6":{"start":{"line":12,"column":0},"end":{"line":12,"column":22}}},"fnMap":{},"branchMap":{"0":{"loc":{"start":{"line":10,"column":13},"end":{"line":10,"column":61}},"type":"binary-expr","locations":[{"start":{"line":10,"column":13},"end":{"line":10,"column":26}},{"start":{"line":10,"column":30},"end":{"line":10,"column":53}},{"start":{"line":10,"column":57},"end":{"line":10,"column":61}}],"line":10}},"s":{"0":0,"1":0,"2":0,"3":0,"4":0,"5":0,"6":0},"f":{},"b":{"0":[0,0,0]}}
,"C:\\Users\\ccbab_000\\Documents\\ISDI CODERS\\week6\\202204-W6CHWE-cristian-bermudez\\202204-W6CHWE-cristian-bermudez-back\\database\\index.js": {"path":"C:\\Users\\ccbab_000\\Documents\\ISDI CODERS\\week6\\202204-W6CHWE-cristian-bermudez\\202204-W6CHWE-cristian-bermudez-back\\database\\index.js","statementMap":{"0":{"start":{"line":1,"column":14},"end":{"line":1,"column":30}},"1":{"start":{"line":2,"column":14},"end":{"line":2,"column":58}},"2":{"start":{"line":3,"column":17},"end":{"line":3,"column":36}},"3":{"start":{"line":5,"column":24},"end":{"line":17,"column":4}},"4":{"start":{"line":6,"column":2},"end":{"line":17,"column":4}},"5":{"start":{"line":7,"column":4},"end":{"line":7,"column":32}},"6":{"start":{"line":8,"column":4},"end":{"line":16,"column":7}},"7":{"start":{"line":9,"column":6},"end":{"line":13,"column":7}},"8":{"start":{"line":10,"column":8},"end":{"line":10,"column":59}},"9":{"start":{"line":11,"column":8},"end":{"line":11,"column":17}},"10":{"start":{"line":12,"column":8},"end":{"line":12,"column":15}},"11":{"start":{"line":14,"column":6},"end":{"line":14,"column":50}},"12":{"start":{"line":15,"column":6},"end":{"line":15,"column":16}},"13":{"start":{"line":19,"column":0},"end":{"line":19,"column":33}}},"fnMap":{"0":{"name":"(anonymous_0)","decl":{"start":{"line":5,"column":24},"end":{"line":5,"column":25}},"loc":{"start":{"line":6,"column":2},"end":{"line":17,"column":4}},"line":6},"1":{"name":"(anonymous_1)","decl":{"start":{"line":6,"column":14},"end":{"line":6,"column":15}},"loc":{"start":{"line":6,"column":35},"end":{"line":17,"column":3}},"line":6},"2":{"name":"(anonymous_2)","decl":{"start":{"line":8,"column":39},"end":{"line":8,"column":40}},"loc":{"start":{"line":8,"column":50},"end":{"line":16,"column":5}},"line":8}},"branchMap":{"0":{"loc":{"start":{"line":9,"column":6},"end":{"line":13,"column":7}},"type":"if","locations":[{"start":{"line":9,"column":6},"end":{"line":13,"column":7}},{"start":{},"end":{}}],"line":9}},"s":{"0":0,"1":0,"2":0,"3":0,"4":0,"5":0,"6":0,"7":0,"8":0,"9":0,"10":0,"11":0,"12":0,"13":0},"f":{"0":0,"1":0,"2":0},"b":{"0":[0,0]}}
,"C:\\Users\\ccbab_000\\Documents\\ISDI CODERS\\week6\\202204-W6CHWE-cristian-bermudez\\202204-W6CHWE-cristian-bermudez-back\\database\\models\\Robot.js": {"path":"C:\\Users\\ccbab_000\\Documents\\ISDI CODERS\\week6\\202204-W6CHWE-cristian-bermudez\\202204-W6CHWE-cristian-bermudez-back\\database\\models\\Robot.js","statementMap":{"0":{"start":{"line":1,"column":26},"end":{"line":1,"column":45}},"1":{"start":{"line":3,"column":20},"end":{"line":9,"column":2}},"2":{"start":{"line":11,"column":14},"end":{"line":11,"column":51}},"3":{"start":{"line":13,"column":0},"end":{"line":13,"column":23}}},"fnMap":{},"branchMap":{},"s":{"0":1,"1":1,"2":1,"3":1},"f":{},"b":{},"_coverageSchema":"1a1c01bbd47fc00a2c39e90264f33305004495a9","hash":"b2d17690c2fb98cdf749f53d947198fdb0677ef7"}
,"C:\\Users\\ccbab_000\\Documents\\ISDI CODERS\\week6\\202204-W6CHWE-cristian-bermudez\\202204-W6CHWE-cristian-bermudez-back\\server\\index.js": {"path":"C:\\Users\\ccbab_000\\Documents\\ISDI CODERS\\week6\\202204-W6CHWE-cristian-bermudez\\202204-W6CHWE-cristian-bermudez-back\\server\\index.js","statementMap":{"0":{"start":{"line":1,"column":16},"end":{"line":1,"column":34}},"1":{"start":{"line":2,"column":15},"end":{"line":2,"column":32}},"2":{"start":{"line":3,"column":25},"end":{"line":3,"column":58}},"3":{"start":{"line":5,"column":12},"end":{"line":5,"column":21}},"4":{"start":{"line":7,"column":0},"end":{"line":7,"column":23}},"5":{"start":{"line":8,"column":0},"end":{"line":8,"column":24}},"6":{"start":{"line":10,"column":0},"end":{"line":10,"column":22}},"7":{"start":{"line":12,"column":0},"end":{"line":12,"column":21}}},"fnMap":{},"branchMap":{},"s":{"0":0,"1":0,"2":0,"3":0,"4":0,"5":0,"6":0,"7":0},"f":{},"b":{}}
,"C:\\Users\\ccbab_000\\Documents\\ISDI CODERS\\week6\\202204-W6CHWE-cristian-bermudez\\202204-W6CHWE-cristian-bermudez-back\\server\\initializeServer.js": {"path":"C:\\Users\\ccbab_000\\Documents\\ISDI CODERS\\week6\\202204-W6CHWE-cristian-bermudez\\202204-W6CHWE-cristian-bermudez-back\\server\\initializeServer.js","statementMap":{"0":{"start":{"line":1,"column":14},"end":{"line":1,"column":60}},"1":{"start":{"line":2,"column":14},"end":{"line":2,"column":30}},"2":{"start":{"line":3,"column":12},"end":{"line":3,"column":30}},"3":{"start":{"line":5,"column":25},"end":{"line":15,"column":1}},"4":{"start":{"line":6,"column":17},"end":{"line":8,"column":4}},"5":{"start":{"line":7,"column":4},"end":{"line":7,"column":64}},"6":{"start":{"line":9,"column":2},"end":{"line":14,"column":5}},"7":{"start":{"line":10,"column":4},"end":{"line":10,"column":46}},"8":{"start":{"line":11,"column":4},"end":{"line":13,"column":5}},"9":{"start":{"line":12,"column":6},"end":{"line":12,"column":41}},"10":{"start":{"line":17,"column":0},"end":{"line":17,"column":34}}},"fnMap":{"0":{"name":"(anonymous_0)","decl":{"start":{"line":5,"column":25},"end":{"line":5,"column":26}},"loc":{"start":{"line":5,"column":35},"end":{"line":15,"column":1}},"line":5},"1":{"name":"(anonymous_1)","decl":{"start":{"line":6,"column":34},"end":{"line":6,"column":35}},"loc":{"start":{"line":6,"column":40},"end":{"line":8,"column":3}},"line":6},"2":{"name":"(anonymous_2)","decl":{"start":{"line":9,"column":21},"end":{"line":9,"column":22}},"loc":{"start":{"line":9,"column":32},"end":{"line":14,"column":3}},"line":9}},"branchMap":{"0":{"loc":{"start":{"line":11,"column":4},"end":{"line":13,"column":5}},"type":"if","locations":[{"start":{"line":11,"column":4},"end":{"line":13,"column":5}},{"start":{},"end":{}}],"line":11}},"s":{"0":0,"1":0,"2":0,"3":0,"4":0,"5":0,"6":0,"7":0,"8":0,"9":0,"10":0},"f":{"0":0,"1":0,"2":0},"b":{"0":[0,0]}}
,"C:\\Users\\ccbab_000\\Documents\\ISDI CODERS\\week6\\202204-W6CHWE-cristian-bermudez\\202204-W6CHWE-cristian-bermudez-back\\server\\controllers\\robotsControllers.js": {"path":"C:\\Users\\ccbab_000\\Documents\\ISDI CODERS\\week6\\202204-W6CHWE-cristian-bermudez\\202204-W6CHWE-cristian-bermudez-back\\server\\controllers\\robotsControllers.js","statementMap":{"0":{"start":{"line":1,"column":14},"end":{"line":1,"column":52}},"1":{"start":{"line":2,"column":14},"end":{"line":2,"column":30}},"2":{"start":{"line":4,"column":14},"end":{"line":4,"column":52}},"3":{"start":{"line":6,"column":18},"end":{"line":10,"column":1}},"4":{"start":{"line":7,"column":17},"end":{"line":7,"column":35}},"5":{"start":{"line":8,"column":2},"end":{"line":8,"column":35}},"6":{"start":{"line":9,"column":2},"end":{"line":9,"column":64}},"7":{"start":{"line":12,"column":0},"end":{"line":12,"column":31}}},"fnMap":{"0":{"name":"(anonymous_0)","decl":{"start":{"line":6,"column":18},"end":{"line":6,"column":19}},"loc":{"start":{"line":6,"column":38},"end":{"line":10,"column":1}},"line":6}},"branchMap":{},"s":{"0":1,"1":1,"2":1,"3":1,"4":1,"5":1,"6":1,"7":1},"f":{"0":1},"b":{},"_coverageSchema":"1a1c01bbd47fc00a2c39e90264f33305004495a9","hash":"718763a45998b8384d01b50c6426f5ca6ebccb33"}
,"C:\\Users\\ccbab_000\\Documents\\ISDI CODERS\\week6\\202204-W6CHWE-cristian-bermudez\\202204-W6CHWE-cristian-bermudez-back\\server\\mocks\\robots.js": {"path":"C:\\Users\\ccbab_000\\Documents\\ISDI CODERS\\week6\\202204-W6CHWE-cristian-bermudez\\202204-W6CHWE-cristian-bermudez-back\\server\\mocks\\robots.js","statementMap":{"0":{"start":{"line":1,"column":19},"end":{"line":20,"column":1}},"1":{"start":{"line":22,"column":0},"end":{"line":22,"column":32}}},"fnMap":{},"branchMap":{},"s":{"0":1,"1":1},"f":{},"b":{},"_coverageSchema":"1a1c01bbd47fc00a2c39e90264f33305004495a9","hash":"74330ed343a544e12d048a2b9c9a413cd8d85f88"}
,"C:\\Users\\ccbab_000\\Documents\\ISDI CODERS\\week6\\202204-W6CHWE-cristian-bermudez\\202204-W6CHWE-cristian-bermudez-back\\server\\routers\\robotRouters.js": {"path":"C:\\Users\\ccbab_000\\Documents\\ISDI CODERS\\week6\\202204-W6CHWE-cristian-bermudez\\202204-W6CHWE-cristian-bermudez-back\\server\\routers\\robotRouters.js","statementMap":{"0":{"start":{"line":1,"column":16},"end":{"line":1,"column":34}},"1":{"start":{"line":2,"column":22},"end":{"line":2,"column":65}},"2":{"start":{"line":4,"column":21},"end":{"line":4,"column":37}},"3":{"start":{"line":6,"column":0},"end":{"line":6,"column":39}},"4":{"start":{"line":8,"column":0},"end":{"line":8,"column":34}}},"fnMap":{},"branchMap":{},"s":{"0":0,"1":0,"2":0,"3":0,"4":0},"f":{},"b":{}}
}
